

Started GET "/assets/rails.png" for 127.0.0.1 at 2012-09-30 21:38:30 -0700
Connecting to database specified by database.yml
Served asset /rails.png - 200 OK (3ms)
Connecting to database specified by database.yml


Started GET "/storekeepers" for 127.0.0.1 at 2012-09-30 21:49:18 -0700
Processing by StorekeepersController#index as HTML
Completed 500 Internal Server Error in 141ms

ActiveRecord::StatementInvalid (Could not find table 'storekeepers'):
  app/controllers/storekeepers_controller.rb:5:in `index'


  Rendered /usr/local/lib/ruby/gems/1.9.1/gems/actionpack-3.2.7/lib/action_dispatch/middleware/templates/rescues/_trace.erb (2.3ms)
  Rendered /usr/local/lib/ruby/gems/1.9.1/gems/actionpack-3.2.7/lib/action_dispatch/middleware/templates/rescues/_request_and_response.erb (0.7ms)
  Rendered /usr/local/lib/ruby/gems/1.9.1/gems/actionpack-3.2.7/lib/action_dispatch/middleware/templates/rescues/diagnostics.erb within rescues/layout (27.0ms)
Connecting to database specified by database.yml
  [1m[36m (0.1ms)[0m  [1mselect sqlite_version(*)[0m
  [1m[35m (36.7ms)[0m  CREATE TABLE "schema_migrations" ("version" varchar(255) NOT NULL) 
  [1m[36m (0.0ms)[0m  [1mPRAGMA index_list("schema_migrations")[0m
  [1m[35m (7.4ms)[0m  CREATE UNIQUE INDEX "unique_schema_migrations" ON "schema_migrations" ("version")
  [1m[36m (0.1ms)[0m  [1mSELECT "schema_migrations"."version" FROM "schema_migrations" [0m
Migrating to CreateStorekeepers (20121001044908)
  [1m[35m (0.0ms)[0m  begin transaction
  [1m[36m (0.8ms)[0m  [1mCREATE TABLE "storekeepers" ("id" INTEGER PRIMARY KEY AUTOINCREMENT NOT NULL, "name" varchar(255), "email" varchar(255), "password_digest" varchar(255), "created_at" datetime NOT NULL, "updated_at" datetime NOT NULL) [0m
  [1m[35m (0.1ms)[0m  INSERT INTO "schema_migrations" ("version") VALUES ('20121001044908')
  [1m[36m (9.8ms)[0m  [1mcommit transaction[0m
  [1m[35m (0.2ms)[0m  select sqlite_version(*)
  [1m[36m (0.1ms)[0m  [1mSELECT "schema_migrations"."version" FROM "schema_migrations" [0m
  [1m[35m (0.0ms)[0m  PRAGMA index_list("storekeepers")


Started GET "/storekeepers" for 127.0.0.1 at 2012-09-30 21:50:07 -0700
Processing by StorekeepersController#index as HTML
  [1m[36mStorekeeper Load (0.1ms)[0m  [1mSELECT "storekeepers".* FROM "storekeepers" [0m
  Rendered storekeepers/index.html.erb within layouts/application (0.7ms)
Compiled scaffolds.css  (29ms)  (pid 8098)
Compiled storekeepers.css  (1ms)  (pid 8098)
Compiled application.css  (60ms)  (pid 8098)
Compiled jquery.js  (4ms)  (pid 8098)
Compiled jquery_ujs.js  (0ms)  (pid 8098)
Compiled storekeepers.js  (406ms)  (pid 8098)
Compiled application.js  (443ms)  (pid 8098)
Completed 200 OK in 562ms (Views: 560.2ms | ActiveRecord: 0.5ms)


Started GET "/assets/application.css?body=1" for 127.0.0.1 at 2012-09-30 21:50:08 -0700
Served asset /application.css - 200 OK (19ms)


Started GET "/assets/jquery_ujs.js?body=1" for 127.0.0.1 at 2012-09-30 21:50:08 -0700
Served asset /jquery_ujs.js - 200 OK (1ms)


Started GET "/assets/storekeepers.js?body=1" for 127.0.0.1 at 2012-09-30 21:50:08 -0700
Served asset /storekeepers.js - 200 OK (4ms)


Started GET "/assets/scaffolds.css?body=1" for 127.0.0.1 at 2012-09-30 21:50:08 -0700
Served asset /scaffolds.css - 200 OK (0ms)


Started GET "/assets/storekeepers.css?body=1" for 127.0.0.1 at 2012-09-30 21:50:08 -0700
Served asset /storekeepers.css - 200 OK (2ms)


Started GET "/assets/jquery.js?body=1" for 127.0.0.1 at 2012-09-30 21:50:08 -0700
Served asset /jquery.js - 200 OK (4ms)


Started GET "/assets/application.js?body=1" for 127.0.0.1 at 2012-09-30 21:50:08 -0700
Served asset /application.js - 200 OK (7ms)
Connecting to database specified by database.yml
Connecting to database specified by database.yml
  [1m[36m (0.1ms)[0m  [1mSELECT "schema_migrations"."version" FROM "schema_migrations" [0m
Migrating to CreateStorekeepers (20121001044908)
Migrating to CreateStores (20121001045311)
  [1m[35m (0.0ms)[0m  select sqlite_version(*)
  [1m[36m (0.0ms)[0m  [1mbegin transaction[0m
  [1m[35m (0.4ms)[0m  CREATE TABLE "stores" ("id" INTEGER PRIMARY KEY AUTOINCREMENT NOT NULL, "name" varchar(255), "description" varchar(255), "created_at" datetime NOT NULL, "updated_at" datetime NOT NULL) 
  [1m[36m (0.1ms)[0m  [1mINSERT INTO "schema_migrations" ("version") VALUES ('20121001045311')[0m
  [1m[35m (29.0ms)[0m  commit transaction
  [1m[36m (0.2ms)[0m  [1mselect sqlite_version(*)[0m
  [1m[35m (0.1ms)[0m  SELECT "schema_migrations"."version" FROM "schema_migrations" 
  [1m[36m (0.0ms)[0m  [1mPRAGMA index_list("storekeepers")[0m
  [1m[35m (0.0ms)[0m  PRAGMA index_list("stores")
Connecting to database specified by database.yml
Connecting to database specified by database.yml
  [1m[36m (0.1ms)[0m  [1mSELECT "schema_migrations"."version" FROM "schema_migrations" [0m
Migrating to CreateStorekeepers (20121001044908)
Migrating to CreateStores (20121001045311)
Migrating to CreateItems (20121001045412)
  [1m[35m (0.0ms)[0m  select sqlite_version(*)
  [1m[36m (0.0ms)[0m  [1mbegin transaction[0m
  [1m[35m (0.3ms)[0m  CREATE TABLE "items" ("id" INTEGER PRIMARY KEY AUTOINCREMENT NOT NULL, "name" varchar(255), "price" integer, "quantity" integer, "description" varchar(255), "created_at" datetime NOT NULL, "updated_at" datetime NOT NULL) 
  [1m[36m (0.1ms)[0m  [1mINSERT INTO "schema_migrations" ("version") VALUES ('20121001045412')[0m
  [1m[35m (72.6ms)[0m  commit transaction
  [1m[36m (0.2ms)[0m  [1mselect sqlite_version(*)[0m
  [1m[35m (0.0ms)[0m  SELECT "schema_migrations"."version" FROM "schema_migrations" 
  [1m[36m (0.0ms)[0m  [1mPRAGMA index_list("items")[0m
  [1m[35m (0.0ms)[0m  PRAGMA index_list("storekeepers")
  [1m[36m (0.0ms)[0m  [1mPRAGMA index_list("stores")[0m


Started GET "/stores" for 127.0.0.1 at 2012-09-30 21:54:25 -0700
Processing by StoresController#index as HTML
  [1m[35mStore Load (0.0ms)[0m  SELECT "stores".* FROM "stores" 
  Rendered stores/index.html.erb within layouts/application (0.8ms)
Compiled items.css  (3ms)  (pid 8098)
Compiled stores.css  (0ms)  (pid 8098)
Compiled application.css  (12ms)  (pid 8098)
Compiled items.js  (102ms)  (pid 8098)
Compiled stores.js  (103ms)  (pid 8098)
Compiled application.js  (238ms)  (pid 8098)
Completed 200 OK in 291ms (Views: 289.4ms | ActiveRecord: 0.4ms)


Started GET "/assets/application.css?body=1" for 127.0.0.1 at 2012-09-30 21:54:25 -0700
Served asset /application.css - 304 Not Modified (17ms)


Started GET "/assets/stores.css?body=1" for 127.0.0.1 at 2012-09-30 21:54:25 -0700
Served asset /stores.css - 200 OK (1ms)


Started GET "/assets/scaffolds.css?body=1" for 127.0.0.1 at 2012-09-30 21:54:25 -0700
Served asset /scaffolds.css - 304 Not Modified (0ms)


Started GET "/assets/storekeepers.css?body=1" for 127.0.0.1 at 2012-09-30 21:54:25 -0700
Served asset /storekeepers.css - 304 Not Modified (0ms)


Started GET "/assets/items.css?body=1" for 127.0.0.1 at 2012-09-30 21:54:25 -0700
Served asset /items.css - 200 OK (1ms)


Started GET "/assets/jquery.js?body=1" for 127.0.0.1 at 2012-09-30 21:54:26 -0700
Served asset /jquery.js - 304 Not Modified (0ms)


Started GET "/assets/jquery_ujs.js?body=1" for 127.0.0.1 at 2012-09-30 21:54:26 -0700
Served asset /jquery_ujs.js - 304 Not Modified (0ms)


Started GET "/assets/storekeepers.js?body=1" for 127.0.0.1 at 2012-09-30 21:54:26 -0700
Served asset /storekeepers.js - 304 Not Modified (0ms)


Started GET "/assets/stores.js?body=1" for 127.0.0.1 at 2012-09-30 21:54:26 -0700
Served asset /stores.js - 200 OK (0ms)


Started GET "/assets/items.js?body=1" for 127.0.0.1 at 2012-09-30 21:54:26 -0700
Served asset /items.js - 200 OK (1ms)


Started GET "/assets/application.js?body=1" for 127.0.0.1 at 2012-09-30 21:54:26 -0700
Served asset /application.js - 304 Not Modified (12ms)


Started GET "/itmes" for 127.0.0.1 at 2012-09-30 21:54:30 -0700

ActionController::RoutingError (No route matches [GET] "/itmes"):
  actionpack (3.2.7) lib/action_dispatch/middleware/debug_exceptions.rb:21:in `call'
  actionpack (3.2.7) lib/action_dispatch/middleware/show_exceptions.rb:56:in `call'
  railties (3.2.7) lib/rails/rack/logger.rb:26:in `call_app'
  railties (3.2.7) lib/rails/rack/logger.rb:16:in `call'
  actionpack (3.2.7) lib/action_dispatch/middleware/request_id.rb:22:in `call'
  rack (1.4.1) lib/rack/methodoverride.rb:21:in `call'
  rack (1.4.1) lib/rack/runtime.rb:17:in `call'
  activesupport (3.2.7) lib/active_support/cache/strategy/local_cache.rb:72:in `call'
  rack (1.4.1) lib/rack/lock.rb:15:in `call'
  actionpack (3.2.7) lib/action_dispatch/middleware/static.rb:62:in `call'
  railties (3.2.7) lib/rails/engine.rb:479:in `call'
  railties (3.2.7) lib/rails/application.rb:220:in `call'
  rack (1.4.1) lib/rack/content_length.rb:14:in `call'
  railties (3.2.7) lib/rails/rack/log_tailer.rb:17:in `call'
  rack (1.4.1) lib/rack/handler/webrick.rb:59:in `service'
  /usr/local/lib/ruby/1.9.1/webrick/httpserver.rb:111:in `service'
  /usr/local/lib/ruby/1.9.1/webrick/httpserver.rb:70:in `run'
  /usr/local/lib/ruby/1.9.1/webrick/server.rb:183:in `block in start_thread'


  Rendered /usr/local/lib/ruby/gems/1.9.1/gems/actionpack-3.2.7/lib/action_dispatch/middleware/templates/rescues/routing_error.erb within rescues/layout (0.5ms)


Started GET "/items" for 127.0.0.1 at 2012-09-30 21:54:33 -0700
Processing by ItemsController#index as HTML
  [1m[36mItem Load (0.1ms)[0m  [1mSELECT "items".* FROM "items" [0m
  Rendered items/index.html.erb within layouts/application (1.1ms)
Completed 200 OK in 11ms (Views: 9.1ms | ActiveRecord: 0.4ms)


Started GET "/assets/application.css?body=1" for 127.0.0.1 at 2012-09-30 21:54:33 -0700
Served asset /application.css - 304 Not Modified (19ms)


Started GET "/assets/items.css?body=1" for 127.0.0.1 at 2012-09-30 21:54:34 -0700
Served asset /items.css - 304 Not Modified (0ms)


Started GET "/assets/scaffolds.css?body=1" for 127.0.0.1 at 2012-09-30 21:54:34 -0700
Served asset /scaffolds.css - 304 Not Modified (0ms)


Started GET "/assets/stores.css?body=1" for 127.0.0.1 at 2012-09-30 21:54:34 -0700
Served asset /stores.css - 304 Not Modified (0ms)


Started GET "/assets/jquery.js?body=1" for 127.0.0.1 at 2012-09-30 21:54:34 -0700
Served asset /jquery.js - 304 Not Modified (0ms)


Started GET "/assets/storekeepers.css?body=1" for 127.0.0.1 at 2012-09-30 21:54:34 -0700
Served asset /storekeepers.css - 304 Not Modified (0ms)


Started GET "/assets/application.js?body=1" for 127.0.0.1 at 2012-09-30 21:54:34 -0700
Served asset /application.js - 304 Not Modified (1ms)


Started GET "/assets/items.js?body=1" for 127.0.0.1 at 2012-09-30 21:54:34 -0700
Served asset /items.js - 304 Not Modified (0ms)


Started GET "/assets/stores.js?body=1" for 127.0.0.1 at 2012-09-30 21:54:34 -0700
Served asset /stores.js - 304 Not Modified (0ms)


Started GET "/assets/storekeepers.js?body=1" for 127.0.0.1 at 2012-09-30 21:54:34 -0700
Served asset /storekeepers.js - 304 Not Modified (0ms)


Started GET "/assets/jquery_ujs.js?body=1" for 127.0.0.1 at 2012-09-30 21:54:34 -0700
Served asset /jquery_ujs.js - 304 Not Modified (0ms)
